{
                    "app": "Crmeb",
                    "timestamp":"2020-09-15 22:49:42.644",
                    "level": "DEBUG",
                    "thread": "restartedMain",
                    "class": "o.s.b.c.l.ClasspathLoggingApplicationListener",
                    "message": "Application started with classpath: [file:/Users/pankai/FX/WeChatProjects/RC-Car-Java/target/classes/]" }
                    
{
                    "app": "Crmeb",
                    "timestamp":"2020-09-15 22:49:42.781",
                    "level": "DEBUG",
                    "thread": "restartedMain",
                    "class": "o.springframework.boot.SpringApplication",
                    "message": "Loading source class com.zbkj.crmeb.CrmebApplication" }
                    
{
                    "app": "Crmeb",
                    "timestamp":"2020-09-15 22:49:42.845",
                    "level": "DEBUG",
                    "thread": "restartedMain",
                    "class": "o.s.b.c.c.ConfigFileApplicationListener",
                    "message": "Loaded config file 'file:/Users/pankai/FX/WeChatProjects/RC-Car-Java/target/classes/application.yml' (classpath:/application.yml)" }
                    
{
                    "app": "Crmeb",
                    "timestamp":"2020-09-15 22:49:42.846",
                    "level": "DEBUG",
                    "thread": "restartedMain",
                    "class": "o.s.boot.devtools.restart.ChangeableUrls",
                    "message": "Matching URLs for reloading : [file:/Users/pankai/FX/WeChatProjects/RC-Car-Java/target/classes/]" }
                    
{
                    "app": "Crmeb",
                    "timestamp":"2020-09-15 22:49:42.846",
                    "level": "DEBUG",
                    "thread": "restartedMain",
                    "class": "o.s.b.devtools.settings.DevToolsSettings",
                    "message": "Included patterns for restart : [/mybatis-plus-[\w-]+.jar]" }
                    
{
                    "app": "Crmeb",
                    "timestamp":"2020-09-15 22:49:42.846",
                    "level": "DEBUG",
                    "thread": "restartedMain",
                    "class": "o.s.b.devtools.settings.DevToolsSettings",
                    "message": "Excluded patterns for restart : [/spring-boot-actuator/target/classes/, /spring-boot-devtools/target/classes/, /spring-boot/target/classes/, /spring-boot-starter-[\w-]+/, /spring-boot-autoconfigure/target/classes/, /spring-boot-starter/target/classes/]" }
                    
{
                    "app": "Crmeb",
                    "timestamp":"2020-09-15 22:49:42.847",
                    "level": "DEBUG",
                    "thread": "restartedMain",
                    "class": "o.s.b.w.s.c.AnnotationConfigServletWebServerApplicationContext",
                    "message": "Refreshing org.springframework.boot.web.servlet.context.AnnotationConfigServletWebServerApplicationContext@1dc0cd5d" }
                    
{
                    "app": "Crmeb",
                    "timestamp":"2020-09-15 22:49:45.115",
                    "level": "DEBUG",
                    "thread": "restartedMain",
                    "class": "o.s.b.w.e.t.TomcatServletWebServerFactory",
                    "message": "Code archive: /Users/pankai/.m2/repository/org/springframework/boot/spring-boot/2.2.6.RELEASE/spring-boot-2.2.6.RELEASE.jar" }
                    
{
                    "app": "Crmeb",
                    "timestamp":"2020-09-15 22:49:45.115",
                    "level": "DEBUG",
                    "thread": "restartedMain",
                    "class": "o.s.b.w.e.t.TomcatServletWebServerFactory",
                    "message": "Code archive: /Users/pankai/.m2/repository/org/springframework/boot/spring-boot/2.2.6.RELEASE/spring-boot-2.2.6.RELEASE.jar" }
                    
{
                    "app": "Crmeb",
                    "timestamp":"2020-09-15 22:49:45.115",
                    "level": "DEBUG",
                    "thread": "restartedMain",
                    "class": "o.s.b.w.e.t.TomcatServletWebServerFactory",
                    "message": "None of the document roots [src/main/webapp, public, static] point to a directory and will be ignored." }
                    
{
                    "app": "Crmeb",
                    "timestamp":"2020-09-15 22:49:45.363",
                    "level": "DEBUG",
                    "thread": "restartedMain",
                    "class": "o.s.web.context.ContextLoader",
                    "message": "Published root WebApplicationContext as ServletContext attribute with name [org.springframework.web.context.WebApplicationContext.ROOT]" }
                    
{
                    "app": "Crmeb",
                    "timestamp":"2020-09-15 22:49:45.582",
                    "level": "DEBUG",
                    "thread": "restartedMain",
                    "class": "o.s.boot.devtools.restart.Restarter",
                    "message": "Creating new Restarter for thread Thread[main,5,main]" }
                    
{
                    "app": "Crmeb",
                    "timestamp":"2020-09-15 22:49:45.582",
                    "level": "DEBUG",
                    "thread": "restartedMain",
                    "class": "o.s.boot.devtools.restart.Restarter",
                    "message": "Immediately restarting application" }
                    
{
                    "app": "Crmeb",
                    "timestamp":"2020-09-15 22:49:45.582",
                    "level": "DEBUG",
                    "thread": "restartedMain",
                    "class": "o.s.boot.devtools.restart.Restarter",
                    "message": "Created RestartClassLoader org.springframework.boot.devtools.restart.classloader.RestartClassLoader@38b2e32d" }
                    
{
                    "app": "Crmeb",
                    "timestamp":"2020-09-15 22:49:45.582",
                    "level": "DEBUG",
                    "thread": "restartedMain",
                    "class": "o.s.boot.devtools.restart.Restarter",
                    "message": "Starting application com.zbkj.crmeb.CrmebApplication with URLs [file:/Users/pankai/FX/WeChatProjects/RC-Car-Java/target/classes/]" }
                    
{
                    "app": "Crmeb",
                    "timestamp":"2020-09-15 22:49:45.582",
                    "level": "DEBUG",
                    "thread": "restartedMain",
                    "class": "o.s.b.c.l.ClasspathLoggingApplicationListener",
                    "message": "Application failed to start with classpath: [file:/Users/pankai/FX/WeChatProjects/RC-Car-Java/target/classes/]" }
                    
