{
                    "app": "Crmeb",
                    "timestamp":"2020-09-15 22:49:42.779",
                    "level": "INFO",
                    "thread": "restartedMain",
                    "class": "com.zbkj.crmeb.CrmebApplication",
                    "message": "Starting CrmebApplication on PPKdeMBP with PID 14255 (/Users/pankai/FX/WeChatProjects/RC-Car-Java/target/classes started by PPK in /Users/pankai/FX/WeChatProjects/RC-Car-Java)" }
                    
{
                    "app": "Crmeb",
                    "timestamp":"2020-09-15 22:49:42.781",
                    "level": "INFO",
                    "thread": "restartedMain",
                    "class": "com.zbkj.crmeb.CrmebApplication",
                    "message": "No active profile set, falling back to default profiles: default" }
                    
{
                    "app": "Crmeb",
                    "timestamp":"2020-09-15 22:49:42.846",
                    "level": "INFO",
                    "thread": "restartedMain",
                    "class": "o.s.b.d.e.DevToolsPropertyDefaultsPostProcessor",
                    "message": "Devtools property defaults active! Set 'spring.devtools.add-properties' to 'false' to disable" }
                    
{
                    "app": "Crmeb",
                    "timestamp":"2020-09-15 22:49:42.846",
                    "level": "INFO",
                    "thread": "restartedMain",
                    "class": "o.s.b.d.e.DevToolsPropertyDefaultsPostProcessor",
                    "message": "For additional web related logging consider setting the 'logging.level.web' property to 'DEBUG'" }
                    
{
                    "app": "Crmeb",
                    "timestamp":"2020-09-15 22:49:44.162",
                    "level": "INFO",
                    "thread": "restartedMain",
                    "class": "o.s.d.r.c.RepositoryConfigurationDelegate",
                    "message": "Multiple Spring Data modules found, entering strict repository configuration mode!" }
                    
{
                    "app": "Crmeb",
                    "timestamp":"2020-09-15 22:49:44.164",
                    "level": "INFO",
                    "thread": "restartedMain",
                    "class": "o.s.d.r.c.RepositoryConfigurationDelegate",
                    "message": "Bootstrapping Spring Data Redis repositories in DEFAULT mode." }
                    
{
                    "app": "Crmeb",
                    "timestamp":"2020-09-15 22:49:44.234",
                    "level": "INFO",
                    "thread": "restartedMain",
                    "class": "o.s.d.r.c.RepositoryConfigurationDelegate",
                    "message": "Finished Spring Data repository scanning in 56ms. Found 0 Redis repository interfaces." }
                    
{
                    "app": "Crmeb",
                    "timestamp":"2020-09-15 22:49:45.277",
                    "level": "INFO",
                    "thread": "restartedMain",
                    "class": "o.s.b.w.embedded.tomcat.TomcatWebServer",
                    "message": "Tomcat initialized with port(s): 8080 (http)" }
                    
{
                    "app": "Crmeb",
                    "timestamp":"2020-09-15 22:49:45.284",
                    "level": "INFO",
                    "thread": "restartedMain",
                    "class": "o.apache.coyote.http11.Http11NioProtocol",
                    "message": "Initializing ProtocolHandler ["http-nio-8080"]" }
                    
{
                    "app": "Crmeb",
                    "timestamp":"2020-09-15 22:49:45.285",
                    "level": "INFO",
                    "thread": "restartedMain",
                    "class": "org.apache.catalina.core.StandardService",
                    "message": "Starting service [Tomcat]" }
                    
{
                    "app": "Crmeb",
                    "timestamp":"2020-09-15 22:49:45.285",
                    "level": "INFO",
                    "thread": "restartedMain",
                    "class": "org.apache.catalina.core.StandardEngine",
                    "message": "Starting Servlet engine: [Apache Tomcat/9.0.33]" }
                    
{
                    "app": "Crmeb",
                    "timestamp":"2020-09-15 22:49:45.362",
                    "level": "INFO",
                    "thread": "restartedMain",
                    "class": "o.a.c.c.C.[Tomcat].[localhost].[/]",
                    "message": "Initializing Spring embedded WebApplicationContext" }
                    
{
                    "app": "Crmeb",
                    "timestamp":"2020-09-15 22:49:45.363",
                    "level": "INFO",
                    "thread": "restartedMain",
                    "class": "o.s.web.context.ContextLoader",
                    "message": "Root WebApplicationContext: initialization completed in 2517 ms" }
                    
{
                    "app": "Crmeb",
                    "timestamp":"2020-09-15 22:49:45.565",
                    "level": "INFO",
                    "thread": "restartedMain",
                    "class": "org.apache.catalina.core.StandardService",
                    "message": "Stopping service [Tomcat]" }
                    
