{
                    "app": "RC-Car-Java",
                    "timestamp":"2020-09-14 00:19:41.621",
                    "level": "INFO",
                    "thread": "restartedMain",
                    "class": "CrmebApplication",
                    "message": "Starting CrmebApplication on PPKdeMBP with PID 11630 (/Users/pankai/FX/WeChatProjects/RC-Car-Java/target/classes started by PPK in /Users/pankai/FX/WeChatProjects/RC-Car-Java)" }
                    
{
                    "app": "RC-Car-Java",
                    "timestamp":"2020-09-14 00:19:41.622",
                    "level": "INFO",
                    "thread": "restartedMain",
                    "class": "CrmebApplication",
                    "message": "No active profile set, falling back to default profiles: default" }
                    
{
                    "app": "RC-Car-Java",
                    "timestamp":"2020-09-14 00:19:41.686",
                    "level": "INFO",
                    "thread": "restartedMain",
                    "class": "o.s.b.d.e.DevToolsPropertyDefaultsPostProcessor",
                    "message": "Devtools property defaults active! Set 'spring.devtools.add-properties' to 'false' to disable" }
                    
{
                    "app": "RC-Car-Java",
                    "timestamp":"2020-09-14 00:19:41.686",
                    "level": "INFO",
                    "thread": "restartedMain",
                    "class": "o.s.b.d.e.DevToolsPropertyDefaultsPostProcessor",
                    "message": "For additional web related logging consider setting the 'logging.level.web' property to 'DEBUG'" }
                    
{
                    "app": "RC-Car-Java",
                    "timestamp":"2020-09-14 00:19:42.974",
                    "level": "INFO",
                    "thread": "restartedMain",
                    "class": "o.s.d.r.c.RepositoryConfigurationDelegate",
                    "message": "Multiple Spring Data modules found, entering strict repository configuration mode!" }
                    
{
                    "app": "RC-Car-Java",
                    "timestamp":"2020-09-14 00:19:42.976",
                    "level": "INFO",
                    "thread": "restartedMain",
                    "class": "o.s.d.r.c.RepositoryConfigurationDelegate",
                    "message": "Bootstrapping Spring Data Redis repositories in DEFAULT mode." }
                    
{
                    "app": "RC-Car-Java",
                    "timestamp":"2020-09-14 00:19:43.046",
                    "level": "INFO",
                    "thread": "restartedMain",
                    "class": "o.s.d.r.c.RepositoryConfigurationDelegate",
                    "message": "Finished Spring Data repository scanning in 55ms. Found 0 Redis repository interfaces." }
                    
{
                    "app": "RC-Car-Java",
                    "timestamp":"2020-09-14 00:19:44.155",
                    "level": "INFO",
                    "thread": "restartedMain",
                    "class": "o.s.b.w.embedded.tomcat.TomcatWebServer",
                    "message": "Tomcat initialized with port(s): 8080 (http)" }
                    
{
                    "app": "RC-Car-Java",
                    "timestamp":"2020-09-14 00:19:44.163",
                    "level": "INFO",
                    "thread": "restartedMain",
                    "class": "o.apache.coyote.http11.Http11NioProtocol",
                    "message": "Initializing ProtocolHandler ["http-nio-8080"]" }
                    
{
                    "app": "RC-Car-Java",
                    "timestamp":"2020-09-14 00:19:44.163",
                    "level": "INFO",
                    "thread": "restartedMain",
                    "class": "org.apache.catalina.core.StandardService",
                    "message": "Starting service [Tomcat]" }
                    
{
                    "app": "RC-Car-Java",
                    "timestamp":"2020-09-14 00:19:44.164",
                    "level": "INFO",
                    "thread": "restartedMain",
                    "class": "org.apache.catalina.core.StandardEngine",
                    "message": "Starting Servlet engine: [Apache Tomcat/9.0.33]" }
                    
{
                    "app": "RC-Car-Java",
                    "timestamp":"2020-09-14 00:19:44.431",
                    "level": "INFO",
                    "thread": "restartedMain",
                    "class": "org.apache.jasper.servlet.TldScanner",
                    "message": "At least one JAR was scanned for TLDs yet contained no TLDs. Enable debug logging for this logger for a complete list of JARs that were scanned but no TLDs were found in them. Skipping unneeded JARs during scanning can improve startup time and JSP compilation time." }
                    
{
                    "app": "RC-Car-Java",
                    "timestamp":"2020-09-14 00:19:44.436",
                    "level": "INFO",
                    "thread": "restartedMain",
                    "class": "o.a.c.c.C.[Tomcat].[localhost].[/]",
                    "message": "Initializing Spring embedded WebApplicationContext" }
                    
{
                    "app": "RC-Car-Java",
                    "timestamp":"2020-09-14 00:19:44.436",
                    "level": "INFO",
                    "thread": "restartedMain",
                    "class": "o.s.web.context.ContextLoader",
                    "message": "Root WebApplicationContext: initialization completed in 2749 ms" }
                    
{
                    "app": "RC-Car-Java",
                    "timestamp":"2020-09-14 00:19:49.160",
                    "level": "INFO",
                    "thread": "restartedMain",
                    "class": "o.s.b.a.e.web.EndpointLinksResolver",
                    "message": "Exposing 2 endpoint(s) beneath base path '/actuator'" }
                    
{
                    "app": "RC-Car-Java",
                    "timestamp":"2020-09-14 00:19:49.502",
                    "level": "INFO",
                    "thread": "restartedMain",
                    "class": "s.d.s.w.PropertySourcedRequestMappingHandlerMapping",
                    "message": "Mapped URL path [/v2/api-docs] onto method [springfox.documentation.swagger2.web.Swagger2Controller#getDocumentation(String, HttpServletRequest)]" }
                    
{
                    "app": "RC-Car-Java",
                    "timestamp":"2020-09-14 00:19:49.527",
                    "level": "INFO",
                    "thread": "restartedMain",
                    "class": "o.s.s.concurrent.ThreadPoolTaskExecutor",
                    "message": "Initializing ExecutorService" }
                    
{
                    "app": "RC-Car-Java",
                    "timestamp":"2020-09-14 00:19:49.528",
                    "level": "INFO",
                    "thread": "restartedMain",
                    "class": "o.s.s.concurrent.ThreadPoolTaskExecutor",
                    "message": "Initializing ExecutorService 'taskExecutor'" }
                    
{
                    "app": "RC-Car-Java",
                    "timestamp":"2020-09-14 00:19:49.696",
                    "level": "INFO",
                    "thread": "restartedMain",
                    "class": "o.s.b.d.a.OptionalLiveReloadServer",
                    "message": "LiveReload server is running on port 35729" }
                    
{
                    "app": "RC-Car-Java",
                    "timestamp":"2020-09-14 00:19:50.252",
                    "level": "INFO",
                    "thread": "restartedMain",
                    "class": "s.d.s.w.p.DocumentationPluginsBootstrapper",
                    "message": "Context refreshed" }
                    
{
                    "app": "RC-Car-Java",
                    "timestamp":"2020-09-14 00:19:50.263",
                    "level": "INFO",
                    "thread": "restartedMain",
                    "class": "s.d.s.w.p.DocumentationPluginsBootstrapper",
                    "message": "Found 3 custom documentation plugin(s)" }
                    
{
                    "app": "RC-Car-Java",
                    "timestamp":"2020-09-14 00:19:50.294",
                    "level": "INFO",
                    "thread": "restartedMain",
                    "class": "s.d.s.w.s.ApiListingReferenceScanner",
                    "message": "Scanning for api listing references" }
                    
{
                    "app": "RC-Car-Java",
                    "timestamp":"2020-09-14 00:19:50.490",
                    "level": "INFO",
                    "thread": "restartedMain",
                    "class": "s.d.s.w.r.o.CachingOperationNameGenerator",
                    "message": "Generating unique operation named: deleteUsingGET_1" }
                    
{
                    "app": "RC-Car-Java",
                    "timestamp":"2020-09-14 00:19:50.506",
                    "level": "INFO",
                    "thread": "restartedMain",
                    "class": "s.d.s.w.r.o.CachingOperationNameGenerator",
                    "message": "Generating unique operation named: getListUsingGET_1" }
                    
{
                    "app": "RC-Car-Java",
                    "timestamp":"2020-09-14 00:19:50.520",
                    "level": "INFO",
                    "thread": "restartedMain",
                    "class": "s.d.s.w.r.o.CachingOperationNameGenerator",
                    "message": "Generating unique operation named: infoUsingGET_1" }
                    
{
                    "app": "RC-Car-Java",
                    "timestamp":"2020-09-14 00:19:50.530",
                    "level": "INFO",
                    "thread": "restartedMain",
                    "class": "s.d.s.w.r.o.CachingOperationNameGenerator",
                    "message": "Generating unique operation named: saveUsingPOST_1" }
                    
{
                    "app": "RC-Car-Java",
                    "timestamp":"2020-09-14 00:19:50.535",
                    "level": "INFO",
                    "thread": "restartedMain",
                    "class": "s.d.s.w.r.o.CachingOperationNameGenerator",
                    "message": "Generating unique operation named: updateUsingPOST_1" }
                    
{
                    "app": "RC-Car-Java",
                    "timestamp":"2020-09-14 00:19:50.543",
                    "level": "INFO",
                    "thread": "restartedMain",
                    "class": "s.d.s.w.r.o.CachingOperationNameGenerator",
                    "message": "Generating unique operation named: deleteUsingGET_2" }
                    
{
                    "app": "RC-Car-Java",
                    "timestamp":"2020-09-14 00:19:50.553",
                    "level": "INFO",
                    "thread": "restartedMain",
                    "class": "s.d.s.w.r.o.CachingOperationNameGenerator",
                    "message": "Generating unique operation named: getListUsingGET_2" }
                    
{
                    "app": "RC-Car-Java",
                    "timestamp":"2020-09-14 00:19:50.556",
                    "level": "INFO",
                    "thread": "restartedMain",
                    "class": "s.d.s.w.r.o.CachingOperationNameGenerator",
                    "message": "Generating unique operation named: infoUsingGET_2" }
                    
{
                    "app": "RC-Car-Java",
                    "timestamp":"2020-09-14 00:19:50.560",
                    "level": "INFO",
                    "thread": "restartedMain",
                    "class": "s.d.s.w.r.o.CachingOperationNameGenerator",
                    "message": "Generating unique operation named: saveUsingPOST_2" }
                    
{
                    "app": "RC-Car-Java",
                    "timestamp":"2020-09-14 00:19:50.564",
                    "level": "INFO",
                    "thread": "restartedMain",
                    "class": "s.d.s.w.r.o.CachingOperationNameGenerator",
                    "message": "Generating unique operation named: updateUsingPOST_2" }
                    
{
                    "app": "RC-Car-Java",
                    "timestamp":"2020-09-14 00:19:50.577",
                    "level": "INFO",
                    "thread": "restartedMain",
                    "class": "s.d.s.w.r.o.CachingOperationNameGenerator",
                    "message": "Generating unique operation named: getListUsingGET_3" }
                    
{
                    "app": "RC-Car-Java",
                    "timestamp":"2020-09-14 00:19:50.599",
                    "level": "INFO",
                    "thread": "restartedMain",
                    "class": "s.d.s.w.r.o.CachingOperationNameGenerator",
                    "message": "Generating unique operation named: userUsingGET_1" }
                    
{
                    "app": "RC-Car-Java",
                    "timestamp":"2020-09-14 00:19:50.621",
                    "level": "INFO",
                    "thread": "restartedMain",
                    "class": "s.d.s.w.r.o.CachingOperationNameGenerator",
                    "message": "Generating unique operation named: getListUsingGET_4" }
                    
{
                    "app": "RC-Car-Java",
                    "timestamp":"2020-09-14 00:19:50.660",
                    "level": "INFO",
                    "thread": "restartedMain",
                    "class": "s.d.s.w.r.o.CachingOperationNameGenerator",
                    "message": "Generating unique operation named: deleteUsingGET_3" }
                    
{
                    "app": "RC-Car-Java",
                    "timestamp":"2020-09-14 00:19:50.666",
                    "level": "INFO",
                    "thread": "restartedMain",
                    "class": "s.d.s.w.r.o.CachingOperationNameGenerator",
                    "message": "Generating unique operation named: getListUsingGET_5" }
                    
{
                    "app": "RC-Car-Java",
                    "timestamp":"2020-09-14 00:19:50.669",
                    "level": "INFO",
                    "thread": "restartedMain",
                    "class": "s.d.s.w.r.o.CachingOperationNameGenerator",
                    "message": "Generating unique operation named: infoUsingGET_3" }
                    
{
                    "app": "RC-Car-Java",
                    "timestamp":"2020-09-14 00:19:50.675",
                    "level": "INFO",
                    "thread": "restartedMain",
                    "class": "s.d.s.w.r.o.CachingOperationNameGenerator",
                    "message": "Generating unique operation named: saveUsingPOST_3" }
                    
{
                    "app": "RC-Car-Java",
                    "timestamp":"2020-09-14 00:19:50.677",
                    "level": "INFO",
                    "thread": "restartedMain",
                    "class": "s.d.s.w.r.o.CachingOperationNameGenerator",
                    "message": "Generating unique operation named: updateUsingPOST_3" }
                    
{
                    "app": "RC-Car-Java",
                    "timestamp":"2020-09-14 00:19:50.680",
                    "level": "INFO",
                    "thread": "restartedMain",
                    "class": "s.d.s.w.r.o.CachingOperationNameGenerator",
                    "message": "Generating unique operation named: getListUsingGET_6" }
                    
{
                    "app": "RC-Car-Java",
                    "timestamp":"2020-09-14 00:19:50.684",
                    "level": "INFO",
                    "thread": "restartedMain",
                    "class": "s.d.s.w.r.o.CachingOperationNameGenerator",
                    "message": "Generating unique operation named: getListUsingGET_7" }
                    
{
                    "app": "RC-Car-Java",
                    "timestamp":"2020-09-14 00:19:50.709",
                    "level": "INFO",
                    "thread": "restartedMain",
                    "class": "s.d.s.w.r.o.CachingOperationNameGenerator",
                    "message": "Generating unique operation named: getListUsingGET_8" }
                    
{
                    "app": "RC-Car-Java",
                    "timestamp":"2020-09-14 00:19:50.736",
                    "level": "INFO",
                    "thread": "restartedMain",
                    "class": "s.d.s.w.r.o.CachingOperationNameGenerator",
                    "message": "Generating unique operation named: getListUsingGET_9" }
                    
{
                    "app": "RC-Car-Java",
                    "timestamp":"2020-09-14 00:19:50.756",
                    "level": "INFO",
                    "thread": "restartedMain",
                    "class": "s.d.s.w.r.o.CachingOperationNameGenerator",
                    "message": "Generating unique operation named: saveUsingPOST_4" }
                    
{
                    "app": "RC-Car-Java",
                    "timestamp":"2020-09-14 00:19:50.767",
                    "level": "INFO",
                    "thread": "restartedMain",
                    "class": "s.d.s.w.r.o.CachingOperationNameGenerator",
                    "message": "Generating unique operation named: getListUsingGET_10" }
                    
{
                    "app": "RC-Car-Java",
                    "timestamp":"2020-09-14 00:19:50.773",
                    "level": "INFO",
                    "thread": "restartedMain",
                    "class": "s.d.s.w.r.o.CachingOperationNameGenerator",
                    "message": "Generating unique operation named: deleteUsingGET_4" }
                    
{
                    "app": "RC-Car-Java",
                    "timestamp":"2020-09-14 00:19:50.807",
                    "level": "INFO",
                    "thread": "restartedMain",
                    "class": "s.d.s.w.r.o.CachingOperationNameGenerator",
                    "message": "Generating unique operation named: getListUsingGET_11" }
                    
{
                    "app": "RC-Car-Java",
                    "timestamp":"2020-09-14 00:19:50.829",
                    "level": "INFO",
                    "thread": "restartedMain",
                    "class": "s.d.s.w.r.o.CachingOperationNameGenerator",
                    "message": "Generating unique operation named: infoUsingGET_4" }
                    
{
                    "app": "RC-Car-Java",
                    "timestamp":"2020-09-14 00:19:50.841",
                    "level": "INFO",
                    "thread": "restartedMain",
                    "class": "s.d.s.w.r.o.CachingOperationNameGenerator",
                    "message": "Generating unique operation named: sendUsingGET_1" }
                    
{
                    "app": "RC-Car-Java",
                    "timestamp":"2020-09-14 00:19:50.843",
                    "level": "INFO",
                    "thread": "restartedMain",
                    "class": "s.d.s.w.r.o.CachingOperationNameGenerator",
                    "message": "Generating unique operation named: updateUsingPOST_4" }
                    
{
                    "app": "RC-Car-Java",
                    "timestamp":"2020-09-14 00:19:50.851",
                    "level": "INFO",
                    "thread": "restartedMain",
                    "class": "s.d.s.w.r.o.CachingOperationNameGenerator",
                    "message": "Generating unique operation named: getListUsingGET_12" }
                    
{
                    "app": "RC-Car-Java",
                    "timestamp":"2020-09-14 00:19:50.853",
                    "level": "INFO",
                    "thread": "restartedMain",
                    "class": "s.d.s.w.r.o.CachingOperationNameGenerator",
                    "message": "Generating unique operation named: infoUsingGET_5" }
                    
{
                    "app": "RC-Car-Java",
                    "timestamp":"2020-09-14 00:19:50.856",
                    "level": "INFO",
                    "thread": "restartedMain",
                    "class": "s.d.s.w.r.o.CachingOperationNameGenerator",
                    "message": "Generating unique operation named: saveUsingPOST_5" }
                    
{
                    "app": "RC-Car-Java",
                    "timestamp":"2020-09-14 00:19:50.857",
                    "level": "INFO",
                    "thread": "restartedMain",
                    "class": "s.d.s.w.r.o.CachingOperationNameGenerator",
                    "message": "Generating unique operation named: updateUsingPOST_5" }
                    
{
                    "app": "RC-Car-Java",
                    "timestamp":"2020-09-14 00:19:50.861",
                    "level": "INFO",
                    "thread": "restartedMain",
                    "class": "s.d.s.w.r.o.CachingOperationNameGenerator",
                    "message": "Generating unique operation named: deleteUsingGET_5" }
                    
{
                    "app": "RC-Car-Java",
                    "timestamp":"2020-09-14 00:19:50.881",
                    "level": "INFO",
                    "thread": "restartedMain",
                    "class": "s.d.s.w.r.o.CachingOperationNameGenerator",
                    "message": "Generating unique operation named: getListUsingGET_13" }
                    
{
                    "app": "RC-Car-Java",
                    "timestamp":"2020-09-14 00:19:50.903",
                    "level": "INFO",
                    "thread": "restartedMain",
                    "class": "s.d.s.w.r.o.CachingOperationNameGenerator",
                    "message": "Generating unique operation named: infoUsingGET_6" }
                    
{
                    "app": "RC-Car-Java",
                    "timestamp":"2020-09-14 00:19:50.922",
                    "level": "INFO",
                    "thread": "restartedMain",
                    "class": "s.d.s.w.r.o.CachingOperationNameGenerator",
                    "message": "Generating unique operation named: saveUsingPOST_6" }
                    
{
                    "app": "RC-Car-Java",
                    "timestamp":"2020-09-14 00:19:50.926",
                    "level": "INFO",
                    "thread": "restartedMain",
                    "class": "s.d.s.w.r.o.CachingOperationNameGenerator",
                    "message": "Generating unique operation named: updateUsingPOST_6" }
                    
{
                    "app": "RC-Car-Java",
                    "timestamp":"2020-09-14 00:19:50.930",
                    "level": "INFO",
                    "thread": "restartedMain",
                    "class": "s.d.s.w.r.o.CachingOperationNameGenerator",
                    "message": "Generating unique operation named: deleteUsingGET_6" }
                    
{
                    "app": "RC-Car-Java",
                    "timestamp":"2020-09-14 00:19:50.939",
                    "level": "INFO",
                    "thread": "restartedMain",
                    "class": "s.d.s.w.r.o.CachingOperationNameGenerator",
                    "message": "Generating unique operation named: getListUsingGET_14" }
                    
{
                    "app": "RC-Car-Java",
                    "timestamp":"2020-09-14 00:19:50.943",
                    "level": "INFO",
                    "thread": "restartedMain",
                    "class": "s.d.s.w.r.o.CachingOperationNameGenerator",
                    "message": "Generating unique operation named: infoUsingGET_7" }
                    
{
                    "app": "RC-Car-Java",
                    "timestamp":"2020-09-14 00:19:50.946",
                    "level": "INFO",
                    "thread": "restartedMain",
                    "class": "s.d.s.w.r.o.CachingOperationNameGenerator",
                    "message": "Generating unique operation named: saveUsingPOST_7" }
                    
{
                    "app": "RC-Car-Java",
                    "timestamp":"2020-09-14 00:19:50.950",
                    "level": "INFO",
                    "thread": "restartedMain",
                    "class": "s.d.s.w.r.o.CachingOperationNameGenerator",
                    "message": "Generating unique operation named: updateUsingPOST_7" }
                    
{
                    "app": "RC-Car-Java",
                    "timestamp":"2020-09-14 00:19:50.953",
                    "level": "INFO",
                    "thread": "restartedMain",
                    "class": "s.d.s.w.r.o.CachingOperationNameGenerator",
                    "message": "Generating unique operation named: deleteUsingGET_7" }
                    
{
                    "app": "RC-Car-Java",
                    "timestamp":"2020-09-14 00:19:50.958",
                    "level": "INFO",
                    "thread": "restartedMain",
                    "class": "s.d.s.w.r.o.CachingOperationNameGenerator",
                    "message": "Generating unique operation named: getListUsingGET_15" }
                    
{
                    "app": "RC-Car-Java",
                    "timestamp":"2020-09-14 00:19:50.961",
                    "level": "INFO",
                    "thread": "restartedMain",
                    "class": "s.d.s.w.r.o.CachingOperationNameGenerator",
                    "message": "Generating unique operation named: infoUsingGET_8" }
                    
{
                    "app": "RC-Car-Java",
                    "timestamp":"2020-09-14 00:19:50.962",
                    "level": "INFO",
                    "thread": "restartedMain",
                    "class": "s.d.s.w.r.o.CachingOperationNameGenerator",
                    "message": "Generating unique operation named: saveUsingPOST_8" }
                    
{
                    "app": "RC-Car-Java",
                    "timestamp":"2020-09-14 00:19:50.963",
                    "level": "INFO",
                    "thread": "restartedMain",
                    "class": "s.d.s.w.r.o.CachingOperationNameGenerator",
                    "message": "Generating unique operation named: updateUsingPOST_8" }
                    
{
                    "app": "RC-Car-Java",
                    "timestamp":"2020-09-14 00:19:50.965",
                    "level": "INFO",
                    "thread": "restartedMain",
                    "class": "s.d.s.w.r.o.CachingOperationNameGenerator",
                    "message": "Generating unique operation named: deleteUsingGET_8" }
                    
{
                    "app": "RC-Car-Java",
                    "timestamp":"2020-09-14 00:19:50.971",
                    "level": "INFO",
                    "thread": "restartedMain",
                    "class": "s.d.s.w.r.o.CachingOperationNameGenerator",
                    "message": "Generating unique operation named: getListUsingGET_16" }
                    
{
                    "app": "RC-Car-Java",
                    "timestamp":"2020-09-14 00:19:50.975",
                    "level": "INFO",
                    "thread": "restartedMain",
                    "class": "s.d.s.w.r.o.CachingOperationNameGenerator",
                    "message": "Generating unique operation named: infoUsingGET_9" }
                    
{
                    "app": "RC-Car-Java",
                    "timestamp":"2020-09-14 00:19:50.978",
                    "level": "INFO",
                    "thread": "restartedMain",
                    "class": "s.d.s.w.r.o.CachingOperationNameGenerator",
                    "message": "Generating unique operation named: saveUsingPOST_9" }
                    
{
                    "app": "RC-Car-Java",
                    "timestamp":"2020-09-14 00:19:50.979",
                    "level": "INFO",
                    "thread": "restartedMain",
                    "class": "s.d.s.w.r.o.CachingOperationNameGenerator",
                    "message": "Generating unique operation named: updateUsingPOST_9" }
                    
{
                    "app": "RC-Car-Java",
                    "timestamp":"2020-09-14 00:19:50.981",
                    "level": "INFO",
                    "thread": "restartedMain",
                    "class": "s.d.s.w.r.o.CachingOperationNameGenerator",
                    "message": "Generating unique operation named: deleteUsingGET_9" }
                    
{
                    "app": "RC-Car-Java",
                    "timestamp":"2020-09-14 00:19:50.987",
                    "level": "INFO",
                    "thread": "restartedMain",
                    "class": "s.d.s.w.r.o.CachingOperationNameGenerator",
                    "message": "Generating unique operation named: getListUsingGET_17" }
                    
{
                    "app": "RC-Car-Java",
                    "timestamp":"2020-09-14 00:19:50.990",
                    "level": "INFO",
                    "thread": "restartedMain",
                    "class": "s.d.s.w.r.o.CachingOperationNameGenerator",
                    "message": "Generating unique operation named: infoUsingGET_10" }
                    
{
                    "app": "RC-Car-Java",
                    "timestamp":"2020-09-14 00:19:50.992",
                    "level": "INFO",
                    "thread": "restartedMain",
                    "class": "s.d.s.w.r.o.CachingOperationNameGenerator",
                    "message": "Generating unique operation named: saveUsingPOST_10" }
                    
{
                    "app": "RC-Car-Java",
                    "timestamp":"2020-09-14 00:19:50.993",
                    "level": "INFO",
                    "thread": "restartedMain",
                    "class": "s.d.s.w.r.o.CachingOperationNameGenerator",
                    "message": "Generating unique operation named: updateUsingPOST_10" }
                    
{
                    "app": "RC-Car-Java",
                    "timestamp":"2020-09-14 00:19:50.998",
                    "level": "INFO",
                    "thread": "restartedMain",
                    "class": "s.d.s.w.r.o.CachingOperationNameGenerator",
                    "message": "Generating unique operation named: getListUsingGET_18" }
                    
{
                    "app": "RC-Car-Java",
                    "timestamp":"2020-09-14 00:19:50.999",
                    "level": "INFO",
                    "thread": "restartedMain",
                    "class": "s.d.s.w.r.o.CachingOperationNameGenerator",
                    "message": "Generating unique operation named: getListTreeUsingGET_1" }
                    
{
                    "app": "RC-Car-Java",
                    "timestamp":"2020-09-14 00:19:51.005",
                    "level": "INFO",
                    "thread": "restartedMain",
                    "class": "s.d.s.w.r.o.CachingOperationNameGenerator",
                    "message": "Generating unique operation named: infoUsingGET_11" }
                    
{
                    "app": "RC-Car-Java",
                    "timestamp":"2020-09-14 00:19:51.006",
                    "level": "INFO",
                    "thread": "restartedMain",
                    "class": "s.d.s.w.r.o.CachingOperationNameGenerator",
                    "message": "Generating unique operation named: updateUsingPOST_11" }
                    
{
                    "app": "RC-Car-Java",
                    "timestamp":"2020-09-14 00:19:51.009",
                    "level": "INFO",
                    "thread": "restartedMain",
                    "class": "s.d.s.w.r.o.CachingOperationNameGenerator",
                    "message": "Generating unique operation named: updateUsingPOST_12" }
                    
{
                    "app": "RC-Car-Java",
                    "timestamp":"2020-09-14 00:19:51.013",
                    "level": "INFO",
                    "thread": "restartedMain",
                    "class": "s.d.s.w.r.o.CachingOperationNameGenerator",
                    "message": "Generating unique operation named: infoUsingGET_12" }
                    
{
                    "app": "RC-Car-Java",
                    "timestamp":"2020-09-14 00:19:51.027",
                    "level": "INFO",
                    "thread": "restartedMain",
                    "class": "s.d.s.w.r.o.CachingOperationNameGenerator",
                    "message": "Generating unique operation named: getListUsingGET_19" }
                    
{
                    "app": "RC-Car-Java",
                    "timestamp":"2020-09-14 00:19:51.028",
                    "level": "INFO",
                    "thread": "restartedMain",
                    "class": "s.d.s.w.r.o.CachingOperationNameGenerator",
                    "message": "Generating unique operation named: infoUsingGET_13" }
                    
{
                    "app": "RC-Car-Java",
                    "timestamp":"2020-09-14 00:19:51.030",
                    "level": "INFO",
                    "thread": "restartedMain",
                    "class": "s.d.s.w.r.o.CachingOperationNameGenerator",
                    "message": "Generating unique operation named: saveUsingPOST_11" }
                    
{
                    "app": "RC-Car-Java",
                    "timestamp":"2020-09-14 00:19:51.031",
                    "level": "INFO",
                    "thread": "restartedMain",
                    "class": "s.d.s.w.r.o.CachingOperationNameGenerator",
                    "message": "Generating unique operation named: updateUsingPOST_13" }
                    
{
                    "app": "RC-Car-Java",
                    "timestamp":"2020-09-14 00:19:51.033",
                    "level": "INFO",
                    "thread": "restartedMain",
                    "class": "s.d.s.w.r.o.CachingOperationNameGenerator",
                    "message": "Generating unique operation named: deleteUsingGET_10" }
                    
{
                    "app": "RC-Car-Java",
                    "timestamp":"2020-09-14 00:19:51.038",
                    "level": "INFO",
                    "thread": "restartedMain",
                    "class": "s.d.s.w.r.o.CachingOperationNameGenerator",
                    "message": "Generating unique operation named: getListUsingGET_20" }
                    
{
                    "app": "RC-Car-Java",
                    "timestamp":"2020-09-14 00:19:51.040",
                    "level": "INFO",
                    "thread": "restartedMain",
                    "class": "s.d.s.w.r.o.CachingOperationNameGenerator",
                    "message": "Generating unique operation named: infoUsingGET_14" }
                    
{
                    "app": "RC-Car-Java",
                    "timestamp":"2020-09-14 00:19:51.042",
                    "level": "INFO",
                    "thread": "restartedMain",
                    "class": "s.d.s.w.r.o.CachingOperationNameGenerator",
                    "message": "Generating unique operation named: saveUsingPOST_12" }
                    
{
                    "app": "RC-Car-Java",
                    "timestamp":"2020-09-14 00:19:51.043",
                    "level": "INFO",
                    "thread": "restartedMain",
                    "class": "s.d.s.w.r.o.CachingOperationNameGenerator",
                    "message": "Generating unique operation named: updateUsingPOST_14" }
                    
{
                    "app": "RC-Car-Java",
                    "timestamp":"2020-09-14 00:19:51.044",
                    "level": "INFO",
                    "thread": "restartedMain",
                    "class": "s.d.s.w.r.o.CachingOperationNameGenerator",
                    "message": "Generating unique operation named: deleteUsingGET_11" }
                    
{
                    "app": "RC-Car-Java",
                    "timestamp":"2020-09-14 00:19:51.049",
                    "level": "INFO",
                    "thread": "restartedMain",
                    "class": "s.d.s.w.r.o.CachingOperationNameGenerator",
                    "message": "Generating unique operation named: getListUsingGET_21" }
                    
{
                    "app": "RC-Car-Java",
                    "timestamp":"2020-09-14 00:19:51.051",
                    "level": "INFO",
                    "thread": "restartedMain",
                    "class": "s.d.s.w.r.o.CachingOperationNameGenerator",
                    "message": "Generating unique operation named: infoUsingGET_15" }
                    
{
                    "app": "RC-Car-Java",
                    "timestamp":"2020-09-14 00:19:51.053",
                    "level": "INFO",
                    "thread": "restartedMain",
                    "class": "s.d.s.w.r.o.CachingOperationNameGenerator",
                    "message": "Generating unique operation named: saveUsingPOST_13" }
                    
{
                    "app": "RC-Car-Java",
                    "timestamp":"2020-09-14 00:19:51.054",
                    "level": "INFO",
                    "thread": "restartedMain",
                    "class": "s.d.s.w.r.o.CachingOperationNameGenerator",
                    "message": "Generating unique operation named: updateUsingPOST_15" }
                    
{
                    "app": "RC-Car-Java",
                    "timestamp":"2020-09-14 00:19:51.056",
                    "level": "INFO",
                    "thread": "restartedMain",
                    "class": "s.d.s.w.r.o.CachingOperationNameGenerator",
                    "message": "Generating unique operation named: deleteUsingGET_12" }
                    
{
                    "app": "RC-Car-Java",
                    "timestamp":"2020-09-14 00:19:51.061",
                    "level": "INFO",
                    "thread": "restartedMain",
                    "class": "s.d.s.w.r.o.CachingOperationNameGenerator",
                    "message": "Generating unique operation named: getListUsingGET_22" }
                    
{
                    "app": "RC-Car-Java",
                    "timestamp":"2020-09-14 00:19:51.064",
                    "level": "INFO",
                    "thread": "restartedMain",
                    "class": "s.d.s.w.r.o.CachingOperationNameGenerator",
                    "message": "Generating unique operation named: infoUsingGET_16" }
                    
{
                    "app": "RC-Car-Java",
                    "timestamp":"2020-09-14 00:19:51.067",
                    "level": "INFO",
                    "thread": "restartedMain",
                    "class": "s.d.s.w.r.o.CachingOperationNameGenerator",
                    "message": "Generating unique operation named: saveUsingPOST_14" }
                    
{
                    "app": "RC-Car-Java",
                    "timestamp":"2020-09-14 00:19:51.068",
                    "level": "INFO",
                    "thread": "restartedMain",
                    "class": "s.d.s.w.r.o.CachingOperationNameGenerator",
                    "message": "Generating unique operation named: updateUsingPOST_16" }
                    
{
                    "app": "RC-Car-Java",
                    "timestamp":"2020-09-14 00:19:51.070",
                    "level": "INFO",
                    "thread": "restartedMain",
                    "class": "s.d.s.w.r.o.CachingOperationNameGenerator",
                    "message": "Generating unique operation named: deleteUsingGET_13" }
                    
{
                    "app": "RC-Car-Java",
                    "timestamp":"2020-09-14 00:19:51.078",
                    "level": "INFO",
                    "thread": "restartedMain",
                    "class": "s.d.s.w.r.o.CachingOperationNameGenerator",
                    "message": "Generating unique operation named: getListUsingGET_23" }
                    
{
                    "app": "RC-Car-Java",
                    "timestamp":"2020-09-14 00:19:51.079",
                    "level": "INFO",
                    "thread": "restartedMain",
                    "class": "s.d.s.w.r.o.CachingOperationNameGenerator",
                    "message": "Generating unique operation named: infoUsingGET_17" }
                    
{
                    "app": "RC-Car-Java",
                    "timestamp":"2020-09-14 00:19:51.083",
                    "level": "INFO",
                    "thread": "restartedMain",
                    "class": "s.d.s.w.r.o.CachingOperationNameGenerator",
                    "message": "Generating unique operation named: saveUsingPOST_15" }
                    
{
                    "app": "RC-Car-Java",
                    "timestamp":"2020-09-14 00:19:51.085",
                    "level": "INFO",
                    "thread": "restartedMain",
                    "class": "s.d.s.w.r.o.CachingOperationNameGenerator",
                    "message": "Generating unique operation named: updateUsingPOST_17" }
                    
{
                    "app": "RC-Car-Java",
                    "timestamp":"2020-09-14 00:19:51.089",
                    "level": "INFO",
                    "thread": "restartedMain",
                    "class": "s.d.s.w.r.o.CachingOperationNameGenerator",
                    "message": "Generating unique operation named: deleteUsingGET_14" }
                    
{
                    "app": "RC-Car-Java",
                    "timestamp":"2020-09-14 00:19:51.094",
                    "level": "INFO",
                    "thread": "restartedMain",
                    "class": "s.d.s.w.r.o.CachingOperationNameGenerator",
                    "message": "Generating unique operation named: getListUsingGET_24" }
                    
{
                    "app": "RC-Car-Java",
                    "timestamp":"2020-09-14 00:19:51.097",
                    "level": "INFO",
                    "thread": "restartedMain",
                    "class": "s.d.s.w.r.o.CachingOperationNameGenerator",
                    "message": "Generating unique operation named: infoUsingGET_18" }
                    
{
                    "app": "RC-Car-Java",
                    "timestamp":"2020-09-14 00:19:51.099",
                    "level": "INFO",
                    "thread": "restartedMain",
                    "class": "s.d.s.w.r.o.CachingOperationNameGenerator",
                    "message": "Generating unique operation named: saveUsingPOST_16" }
                    
{
                    "app": "RC-Car-Java",
                    "timestamp":"2020-09-14 00:19:51.100",
                    "level": "INFO",
                    "thread": "restartedMain",
                    "class": "s.d.s.w.r.o.CachingOperationNameGenerator",
                    "message": "Generating unique operation named: updateUsingPOST_18" }
                    
{
                    "app": "RC-Car-Java",
                    "timestamp":"2020-09-14 00:19:51.102",
                    "level": "INFO",
                    "thread": "restartedMain",
                    "class": "s.d.s.w.r.o.CachingOperationNameGenerator",
                    "message": "Generating unique operation named: updateStatusUsingGET_1" }
                    
{
                    "app": "RC-Car-Java",
                    "timestamp":"2020-09-14 00:19:51.104",
                    "level": "INFO",
                    "thread": "restartedMain",
                    "class": "s.d.s.w.r.o.CachingOperationNameGenerator",
                    "message": "Generating unique operation named: deleteUsingGET_15" }
                    
{
                    "app": "RC-Car-Java",
                    "timestamp":"2020-09-14 00:19:51.110",
                    "level": "INFO",
                    "thread": "restartedMain",
                    "class": "s.d.s.w.r.o.CachingOperationNameGenerator",
                    "message": "Generating unique operation named: getListUsingGET_25" }
                    
{
                    "app": "RC-Car-Java",
                    "timestamp":"2020-09-14 00:19:51.112",
                    "level": "INFO",
                    "thread": "restartedMain",
                    "class": "s.d.s.w.r.o.CachingOperationNameGenerator",
                    "message": "Generating unique operation named: infoUsingGET_19" }
                    
{
                    "app": "RC-Car-Java",
                    "timestamp":"2020-09-14 00:19:51.114",
                    "level": "INFO",
                    "thread": "restartedMain",
                    "class": "s.d.s.w.r.o.CachingOperationNameGenerator",
                    "message": "Generating unique operation named: saveUsingPOST_17" }
                    
{
                    "app": "RC-Car-Java",
                    "timestamp":"2020-09-14 00:19:51.115",
                    "level": "INFO",
                    "thread": "restartedMain",
                    "class": "s.d.s.w.r.o.CachingOperationNameGenerator",
                    "message": "Generating unique operation named: updateUsingPOST_19" }
                    
{
                    "app": "RC-Car-Java",
                    "timestamp":"2020-09-14 00:19:51.127",
                    "level": "INFO",
                    "thread": "restartedMain",
                    "class": "s.d.s.w.r.o.CachingOperationNameGenerator",
                    "message": "Generating unique operation named: deleteUsingGET_16" }
                    
{
                    "app": "RC-Car-Java",
                    "timestamp":"2020-09-14 00:19:51.138",
                    "level": "INFO",
                    "thread": "restartedMain",
                    "class": "s.d.s.w.r.o.CachingOperationNameGenerator",
                    "message": "Generating unique operation named: getListUsingGET_26" }
                    
{
                    "app": "RC-Car-Java",
                    "timestamp":"2020-09-14 00:19:51.141",
                    "level": "INFO",
                    "thread": "restartedMain",
                    "class": "s.d.s.w.r.o.CachingOperationNameGenerator",
                    "message": "Generating unique operation named: infoUsingGET_20" }
                    
{
                    "app": "RC-Car-Java",
                    "timestamp":"2020-09-14 00:19:51.143",
                    "level": "INFO",
                    "thread": "restartedMain",
                    "class": "s.d.s.w.r.o.CachingOperationNameGenerator",
                    "message": "Generating unique operation named: saveUsingPOST_18" }
                    
{
                    "app": "RC-Car-Java",
                    "timestamp":"2020-09-14 00:19:51.144",
                    "level": "INFO",
                    "thread": "restartedMain",
                    "class": "s.d.s.w.r.o.CachingOperationNameGenerator",
                    "message": "Generating unique operation named: updateUsingPOST_20" }
                    
{
                    "app": "RC-Car-Java",
                    "timestamp":"2020-09-14 00:19:51.146",
                    "level": "INFO",
                    "thread": "restartedMain",
                    "class": "s.d.s.w.r.o.CachingOperationNameGenerator",
                    "message": "Generating unique operation named: updateStatusUsingPOST_1" }
                    
{
                    "app": "RC-Car-Java",
                    "timestamp":"2020-09-14 00:19:51.156",
                    "level": "INFO",
                    "thread": "restartedMain",
                    "class": "s.d.s.w.r.o.CachingOperationNameGenerator",
                    "message": "Generating unique operation named: deleteUsingGET_17" }
                    
{
                    "app": "RC-Car-Java",
                    "timestamp":"2020-09-14 00:19:51.162",
                    "level": "INFO",
                    "thread": "restartedMain",
                    "class": "s.d.s.w.r.o.CachingOperationNameGenerator",
                    "message": "Generating unique operation named: getListUsingPOST_1" }
                    
{
                    "app": "RC-Car-Java",
                    "timestamp":"2020-09-14 00:19:51.165",
                    "level": "INFO",
                    "thread": "restartedMain",
                    "class": "s.d.s.w.r.o.CachingOperationNameGenerator",
                    "message": "Generating unique operation named: infoUsingGET_21" }
                    
{
                    "app": "RC-Car-Java",
                    "timestamp":"2020-09-14 00:19:51.170",
                    "level": "INFO",
                    "thread": "restartedMain",
                    "class": "s.d.s.w.r.o.CachingOperationNameGenerator",
                    "message": "Generating unique operation named: saveUsingPOST_19" }
                    
{
                    "app": "RC-Car-Java",
                    "timestamp":"2020-09-14 00:19:51.172",
                    "level": "INFO",
                    "thread": "restartedMain",
                    "class": "s.d.s.w.r.o.CachingOperationNameGenerator",
                    "message": "Generating unique operation named: updateUsingPOST_21" }
                    
{
                    "app": "RC-Car-Java",
                    "timestamp":"2020-09-14 00:19:51.176",
                    "level": "INFO",
                    "thread": "restartedMain",
                    "class": "s.d.s.w.r.o.CachingOperationNameGenerator",
                    "message": "Generating unique operation named: deleteUsingGET_18" }
                    
{
                    "app": "RC-Car-Java",
                    "timestamp":"2020-09-14 00:19:51.193",
                    "level": "INFO",
                    "thread": "restartedMain",
                    "class": "s.d.s.w.r.o.CachingOperationNameGenerator",
                    "message": "Generating unique operation named: getListUsingGET_27" }
                    
{
                    "app": "RC-Car-Java",
                    "timestamp":"2020-09-14 00:19:51.196",
                    "level": "INFO",
                    "thread": "restartedMain",
                    "class": "s.d.s.w.r.o.CachingOperationNameGenerator",
                    "message": "Generating unique operation named: infoUsingGET_22" }
                    
{
                    "app": "RC-Car-Java",
                    "timestamp":"2020-09-14 00:19:51.209",
                    "level": "INFO",
                    "thread": "restartedMain",
                    "class": "s.d.s.w.r.o.CachingOperationNameGenerator",
                    "message": "Generating unique operation named: updateUsingPOST_22" }
                    
{
                    "app": "RC-Car-Java",
                    "timestamp":"2020-09-14 00:19:51.218",
                    "level": "INFO",
                    "thread": "restartedMain",
                    "class": "s.d.s.w.r.o.CachingOperationNameGenerator",
                    "message": "Generating unique operation named: getListUsingGET_28" }
                    
{
                    "app": "RC-Car-Java",
                    "timestamp":"2020-09-14 00:19:51.223",
                    "level": "INFO",
                    "thread": "restartedMain",
                    "class": "s.d.s.w.r.o.CachingOperationNameGenerator",
                    "message": "Generating unique operation named: updateUsingPOST_23" }
                    
{
                    "app": "RC-Car-Java",
                    "timestamp":"2020-09-14 00:19:51.225",
                    "level": "INFO",
                    "thread": "restartedMain",
                    "class": "s.d.s.w.r.o.CachingOperationNameGenerator",
                    "message": "Generating unique operation named: deleteUsingGET_19" }
                    
{
                    "app": "RC-Car-Java",
                    "timestamp":"2020-09-14 00:19:51.228",
                    "level": "INFO",
                    "thread": "restartedMain",
                    "class": "s.d.s.w.r.o.CachingOperationNameGenerator",
                    "message": "Generating unique operation named: getListUsingGET_29" }
                    
{
                    "app": "RC-Car-Java",
                    "timestamp":"2020-09-14 00:19:51.231",
                    "level": "INFO",
                    "thread": "restartedMain",
                    "class": "s.d.s.w.r.o.CachingOperationNameGenerator",
                    "message": "Generating unique operation named: infoUsingGET_23" }
                    
{
                    "app": "RC-Car-Java",
                    "timestamp":"2020-09-14 00:19:51.233",
                    "level": "INFO",
                    "thread": "restartedMain",
                    "class": "s.d.s.w.r.o.CachingOperationNameGenerator",
                    "message": "Generating unique operation named: saveUsingPOST_20" }
                    
{
                    "app": "RC-Car-Java",
                    "timestamp":"2020-09-14 00:19:51.236",
                    "level": "INFO",
                    "thread": "restartedMain",
                    "class": "s.d.s.w.r.o.CachingOperationNameGenerator",
                    "message": "Generating unique operation named: updateUsingPOST_24" }
                    
{
                    "app": "RC-Car-Java",
                    "timestamp":"2020-09-14 00:19:51.244",
                    "level": "INFO",
                    "thread": "restartedMain",
                    "class": "s.d.s.w.r.o.CachingOperationNameGenerator",
                    "message": "Generating unique operation named: getListUsingGET_30" }
                    
{
                    "app": "RC-Car-Java",
                    "timestamp":"2020-09-14 00:19:51.246",
                    "level": "INFO",
                    "thread": "restartedMain",
                    "class": "s.d.s.w.r.o.CachingOperationNameGenerator",
                    "message": "Generating unique operation named: balanceUsingPOST_1" }
                    
{
                    "app": "RC-Car-Java",
                    "timestamp":"2020-09-14 00:19:51.247",
                    "level": "INFO",
                    "thread": "restartedMain",
                    "class": "s.d.s.w.r.o.CachingOperationNameGenerator",
                    "message": "Generating unique operation named: deleteUsingGET_20" }
                    
{
                    "app": "RC-Car-Java",
                    "timestamp":"2020-09-14 00:19:51.255",
                    "level": "INFO",
                    "thread": "restartedMain",
                    "class": "s.d.s.w.r.o.CachingOperationNameGenerator",
                    "message": "Generating unique operation named: getListUsingGET_31" }
                    
{
                    "app": "RC-Car-Java",
                    "timestamp":"2020-09-14 00:19:51.257",
                    "level": "INFO",
                    "thread": "restartedMain",
                    "class": "s.d.s.w.r.o.CachingOperationNameGenerator",
                    "message": "Generating unique operation named: deleteUsingGET_21" }
                    
{
                    "app": "RC-Car-Java",
                    "timestamp":"2020-09-14 00:19:51.259",
                    "level": "INFO",
                    "thread": "restartedMain",
                    "class": "s.d.s.w.r.o.CachingOperationNameGenerator",
                    "message": "Generating unique operation named: getListUsingGET_32" }
                    
{
                    "app": "RC-Car-Java",
                    "timestamp":"2020-09-14 00:19:51.261",
                    "level": "INFO",
                    "thread": "restartedMain",
                    "class": "s.d.s.w.r.o.CachingOperationNameGenerator",
                    "message": "Generating unique operation named: infoUsingGET_24" }
                    
{
                    "app": "RC-Car-Java",
                    "timestamp":"2020-09-14 00:19:51.262",
                    "level": "INFO",
                    "thread": "restartedMain",
                    "class": "s.d.s.w.r.o.CachingOperationNameGenerator",
                    "message": "Generating unique operation named: saveUsingPOST_21" }
                    
{
                    "app": "RC-Car-Java",
                    "timestamp":"2020-09-14 00:19:51.263",
                    "level": "INFO",
                    "thread": "restartedMain",
                    "class": "s.d.s.w.r.o.CachingOperationNameGenerator",
                    "message": "Generating unique operation named: updateUsingPOST_25" }
                    
{
                    "app": "RC-Car-Java",
                    "timestamp":"2020-09-14 00:19:51.271",
                    "level": "INFO",
                    "thread": "restartedMain",
                    "class": "s.d.s.w.r.o.CachingOperationNameGenerator",
                    "message": "Generating unique operation named: deleteUsingGET_22" }
                    
{
                    "app": "RC-Car-Java",
                    "timestamp":"2020-09-14 00:19:51.272",
                    "level": "INFO",
                    "thread": "restartedMain",
                    "class": "s.d.s.w.r.o.CachingOperationNameGenerator",
                    "message": "Generating unique operation named: getUsingGET_1" }
                    
{
                    "app": "RC-Car-Java",
                    "timestamp":"2020-09-14 00:19:51.275",
                    "level": "INFO",
                    "thread": "restartedMain",
                    "class": "s.d.s.w.r.o.CachingOperationNameGenerator",
                    "message": "Generating unique operation named: deleteUsingGET_23" }
                    
{
                    "app": "RC-Car-Java",
                    "timestamp":"2020-09-14 00:19:51.276",
                    "level": "INFO",
                    "thread": "restartedMain",
                    "class": "s.d.s.w.r.o.CachingOperationNameGenerator",
                    "message": "Generating unique operation named: getListUsingGET_33" }
                    
{
                    "app": "RC-Car-Java",
                    "timestamp":"2020-09-14 00:19:51.281",
                    "level": "INFO",
                    "thread": "restartedMain",
                    "class": "s.d.s.w.r.o.CachingOperationNameGenerator",
                    "message": "Generating unique operation named: saveUsingPOST_22" }
                    
{
                    "app": "RC-Car-Java",
                    "timestamp":"2020-09-14 00:19:51.283",
                    "level": "INFO",
                    "thread": "restartedMain",
                    "class": "s.d.s.w.r.o.CachingOperationNameGenerator",
                    "message": "Generating unique operation named: updateUsingPOST_26" }
                    
{
                    "app": "RC-Car-Java",
                    "timestamp":"2020-09-14 00:19:51.285",
                    "level": "INFO",
                    "thread": "restartedMain",
                    "class": "s.d.s.w.r.o.CachingOperationNameGenerator",
                    "message": "Generating unique operation named: getUsingGET_2" }
                    
{
                    "app": "RC-Car-Java",
                    "timestamp":"2020-09-14 00:19:51.290",
                    "level": "INFO",
                    "thread": "restartedMain",
                    "class": "s.d.s.w.r.o.CachingOperationNameGenerator",
                    "message": "Generating unique operation named: deleteUsingGET_24" }
                    
{
                    "app": "RC-Car-Java",
                    "timestamp":"2020-09-14 00:19:51.295",
                    "level": "INFO",
                    "thread": "restartedMain",
                    "class": "s.d.s.w.r.o.CachingOperationNameGenerator",
                    "message": "Generating unique operation named: getListUsingGET_34" }
                    
{
                    "app": "RC-Car-Java",
                    "timestamp":"2020-09-14 00:19:51.297",
                    "level": "INFO",
                    "thread": "restartedMain",
                    "class": "s.d.s.w.r.o.CachingOperationNameGenerator",
                    "message": "Generating unique operation named: infoUsingGET_25" }
                    
{
                    "app": "RC-Car-Java",
                    "timestamp":"2020-09-14 00:19:51.299",
                    "level": "INFO",
                    "thread": "restartedMain",
                    "class": "s.d.s.w.r.o.CachingOperationNameGenerator",
                    "message": "Generating unique operation named: saveUsingPOST_23" }
                    
{
                    "app": "RC-Car-Java",
                    "timestamp":"2020-09-14 00:19:51.300",
                    "level": "INFO",
                    "thread": "restartedMain",
                    "class": "s.d.s.w.r.o.CachingOperationNameGenerator",
                    "message": "Generating unique operation named: updateUsingPOST_27" }
                    
{
                    "app": "RC-Car-Java",
                    "timestamp":"2020-09-14 00:19:51.302",
                    "level": "INFO",
                    "thread": "restartedMain",
                    "class": "s.d.s.w.r.o.CachingOperationNameGenerator",
                    "message": "Generating unique operation named: deleteUsingGET_25" }
                    
{
                    "app": "RC-Car-Java",
                    "timestamp":"2020-09-14 00:19:51.308",
                    "level": "INFO",
                    "thread": "restartedMain",
                    "class": "s.d.s.w.r.o.CachingOperationNameGenerator",
                    "message": "Generating unique operation named: getListUsingGET_35" }
                    
{
                    "app": "RC-Car-Java",
                    "timestamp":"2020-09-14 00:19:51.310",
                    "level": "INFO",
                    "thread": "restartedMain",
                    "class": "s.d.s.w.r.o.CachingOperationNameGenerator",
                    "message": "Generating unique operation named: infoUsingGET_26" }
                    
{
                    "app": "RC-Car-Java",
                    "timestamp":"2020-09-14 00:19:51.312",
                    "level": "INFO",
                    "thread": "restartedMain",
                    "class": "s.d.s.w.r.o.CachingOperationNameGenerator",
                    "message": "Generating unique operation named: saveUsingPOST_24" }
                    
{
                    "app": "RC-Car-Java",
                    "timestamp":"2020-09-14 00:19:51.314",
                    "level": "INFO",
                    "thread": "restartedMain",
                    "class": "s.d.s.w.r.o.CachingOperationNameGenerator",
                    "message": "Generating unique operation named: updateUsingPOST_28" }
                    
{
                    "app": "RC-Car-Java",
                    "timestamp":"2020-09-14 00:19:51.316",
                    "level": "INFO",
                    "thread": "restartedMain",
                    "class": "s.d.s.w.r.o.CachingOperationNameGenerator",
                    "message": "Generating unique operation named: deleteUsingGET_26" }
                    
{
                    "app": "RC-Car-Java",
                    "timestamp":"2020-09-14 00:19:51.322",
                    "level": "INFO",
                    "thread": "restartedMain",
                    "class": "s.d.s.w.r.o.CachingOperationNameGenerator",
                    "message": "Generating unique operation named: getListUsingGET_36" }
                    
{
                    "app": "RC-Car-Java",
                    "timestamp":"2020-09-14 00:19:51.324",
                    "level": "INFO",
                    "thread": "restartedMain",
                    "class": "s.d.s.w.r.o.CachingOperationNameGenerator",
                    "message": "Generating unique operation named: infoUsingGET_27" }
                    
{
                    "app": "RC-Car-Java",
                    "timestamp":"2020-09-14 00:19:51.325",
                    "level": "INFO",
                    "thread": "restartedMain",
                    "class": "s.d.s.w.r.o.CachingOperationNameGenerator",
                    "message": "Generating unique operation named: infoUsingGET_28" }
                    
{
                    "app": "RC-Car-Java",
                    "timestamp":"2020-09-14 00:19:51.327",
                    "level": "INFO",
                    "thread": "restartedMain",
                    "class": "s.d.s.w.r.o.CachingOperationNameGenerator",
                    "message": "Generating unique operation named: saveUsingPOST_25" }
                    
{
                    "app": "RC-Car-Java",
                    "timestamp":"2020-09-14 00:19:51.328",
                    "level": "INFO",
                    "thread": "restartedMain",
                    "class": "s.d.s.w.r.o.CachingOperationNameGenerator",
                    "message": "Generating unique operation named: updateUsingPOST_29" }
                    
{
                    "app": "RC-Car-Java",
                    "timestamp":"2020-09-14 00:19:51.329",
                    "level": "INFO",
                    "thread": "restartedMain",
                    "class": "s.d.s.w.r.o.CachingOperationNameGenerator",
                    "message": "Generating unique operation named: updateUsingPOST_30" }
                    
{
                    "app": "RC-Car-Java",
                    "timestamp":"2020-09-14 00:19:51.330",
                    "level": "INFO",
                    "thread": "restartedMain",
                    "class": "s.d.s.w.r.o.CachingOperationNameGenerator",
                    "message": "Generating unique operation named: infoUsingGET_29" }
                    
{
                    "app": "RC-Car-Java",
                    "timestamp":"2020-09-14 00:19:51.344",
                    "level": "INFO",
                    "thread": "restartedMain",
                    "class": "s.d.s.w.s.ApiListingReferenceScanner",
                    "message": "Scanning for api listing references" }
                    
{
                    "app": "RC-Car-Java",
                    "timestamp":"2020-09-14 00:19:51.365",
                    "level": "INFO",
                    "thread": "restartedMain",
                    "class": "s.d.s.w.r.o.CachingOperationNameGenerator",
                    "message": "Generating unique operation named: getListUsingGET_37" }
                    
{
                    "app": "RC-Car-Java",
                    "timestamp":"2020-09-14 00:19:51.368",
                    "level": "INFO",
                    "thread": "restartedMain",
                    "class": "s.d.s.w.r.o.CachingOperationNameGenerator",
                    "message": "Generating unique operation named: getListUsingGET_38" }
                    
{
                    "app": "RC-Car-Java",
                    "timestamp":"2020-09-14 00:19:51.370",
                    "level": "INFO",
                    "thread": "restartedMain",
                    "class": "s.d.s.w.r.o.CachingOperationNameGenerator",
                    "message": "Generating unique operation named: infoUsingGET_30" }
                    
{
                    "app": "RC-Car-Java",
                    "timestamp":"2020-09-14 00:19:51.385",
                    "level": "INFO",
                    "thread": "restartedMain",
                    "class": "s.d.s.w.r.o.CachingOperationNameGenerator",
                    "message": "Generating unique operation named: getListUsingGET_39" }
                    
{
                    "app": "RC-Car-Java",
                    "timestamp":"2020-09-14 00:19:51.391",
                    "level": "INFO",
                    "thread": "restartedMain",
                    "class": "s.d.s.w.r.o.CachingOperationNameGenerator",
                    "message": "Generating unique operation named: saveUsingPOST_26" }
                    
{
                    "app": "RC-Car-Java",
                    "timestamp":"2020-09-14 00:19:51.392",
                    "level": "INFO",
                    "thread": "restartedMain",
                    "class": "s.d.s.w.r.o.CachingOperationNameGenerator",
                    "message": "Generating unique operation named: updateUsingPOST_31" }
                    
{
                    "app": "RC-Car-Java",
                    "timestamp":"2020-09-14 00:19:51.405",
                    "level": "INFO",
                    "thread": "restartedMain",
                    "class": "s.d.s.w.r.o.CachingOperationNameGenerator",
                    "message": "Generating unique operation named: getListUsingGET_40" }
                    
{
                    "app": "RC-Car-Java",
                    "timestamp":"2020-09-14 00:19:51.408",
                    "level": "INFO",
                    "thread": "restartedMain",
                    "class": "s.d.s.w.r.o.CachingOperationNameGenerator",
                    "message": "Generating unique operation named: registerUsingGET_1" }
                    
{
                    "app": "RC-Car-Java",
                    "timestamp":"2020-09-14 00:19:51.438",
                    "level": "INFO",
                    "thread": "restartedMain",
                    "class": "s.d.s.w.r.o.CachingOperationNameGenerator",
                    "message": "Generating unique operation named: sendCodeUsingPOST_1" }
                    
{
                    "app": "RC-Car-Java",
                    "timestamp":"2020-09-14 00:19:51.458",
                    "level": "INFO",
                    "thread": "restartedMain",
                    "class": "s.d.s.w.r.o.CachingOperationNameGenerator",
                    "message": "Generating unique operation named: getListUsingGET_41" }
                    
{
                    "app": "RC-Car-Java",
                    "timestamp":"2020-09-14 00:19:51.476",
                    "level": "INFO",
                    "thread": "restartedMain",
                    "class": "s.d.s.w.r.o.CachingOperationNameGenerator",
                    "message": "Generating unique operation named: getUsingPOST_1" }
                    
{
                    "app": "RC-Car-Java",
                    "timestamp":"2020-09-14 00:19:51.482",
                    "level": "INFO",
                    "thread": "restartedMain",
                    "class": "s.d.s.w.r.o.CachingOperationNameGenerator",
                    "message": "Generating unique operation named: registerUsingPOST_1" }
                    
{
                    "app": "RC-Car-Java",
                    "timestamp":"2020-09-14 00:19:51.496",
                    "level": "INFO",
                    "thread": "restartedMain",
                    "class": "s.d.s.w.r.o.CachingOperationNameGenerator",
                    "message": "Generating unique operation named: commentUsingPOST_1" }
                    
{
                    "app": "RC-Car-Java",
                    "timestamp":"2020-09-14 00:19:51.501",
                    "level": "INFO",
                    "thread": "restartedMain",
                    "class": "s.d.s.w.r.o.CachingOperationNameGenerator",
                    "message": "Generating unique operation named: deleteUsingPOST_1" }
                    
{
                    "app": "RC-Car-Java",
                    "timestamp":"2020-09-14 00:19:51.527",
                    "level": "INFO",
                    "thread": "restartedMain",
                    "class": "s.d.s.w.r.o.CachingOperationNameGenerator",
                    "message": "Generating unique operation named: imageUsingPOST_1" }
                    
{
                    "app": "RC-Car-Java",
                    "timestamp":"2020-09-14 00:19:51.530",
                    "level": "INFO",
                    "thread": "restartedMain",
                    "class": "s.d.s.w.r.o.CachingOperationNameGenerator",
                    "message": "Generating unique operation named: deleteUsingPOST_2" }
                    
{
                    "app": "RC-Car-Java",
                    "timestamp":"2020-09-14 00:19:51.534",
                    "level": "INFO",
                    "thread": "restartedMain",
                    "class": "s.d.s.w.r.o.CachingOperationNameGenerator",
                    "message": "Generating unique operation named: getListUsingGET_42" }
                    
{
                    "app": "RC-Car-Java",
                    "timestamp":"2020-09-14 00:19:51.535",
                    "level": "INFO",
                    "thread": "restartedMain",
                    "class": "s.d.s.w.r.o.CachingOperationNameGenerator",
                    "message": "Generating unique operation named: infoUsingGET_31" }
                    
{
                    "app": "RC-Car-Java",
                    "timestamp":"2020-09-14 00:19:51.538",
                    "level": "INFO",
                    "thread": "restartedMain",
                    "class": "s.d.s.w.r.o.CachingOperationNameGenerator",
                    "message": "Generating unique operation named: saveUsingPOST_27" }
                    
{
                    "app": "RC-Car-Java",
                    "timestamp":"2020-09-14 00:19:51.542",
                    "level": "INFO",
                    "thread": "restartedMain",
                    "class": "s.d.s.w.r.o.CachingOperationNameGenerator",
                    "message": "Generating unique operation named: deleteUsingPOST_3" }
                    
{
                    "app": "RC-Car-Java",
                    "timestamp":"2020-09-14 00:19:51.545",
                    "level": "INFO",
                    "thread": "restartedMain",
                    "class": "s.d.s.w.r.o.CachingOperationNameGenerator",
                    "message": "Generating unique operation named: getListUsingGET_43" }
                    
{
                    "app": "RC-Car-Java",
                    "timestamp":"2020-09-14 00:19:51.546",
                    "level": "INFO",
                    "thread": "restartedMain",
                    "class": "s.d.s.w.r.o.CachingOperationNameGenerator",
                    "message": "Generating unique operation named: saveUsingPOST_28" }
                    
{
                    "app": "RC-Car-Java",
                    "timestamp":"2020-09-14 00:19:51.550",
                    "level": "INFO",
                    "thread": "restartedMain",
                    "class": "s.d.s.w.r.o.CachingOperationNameGenerator",
                    "message": "Generating unique operation named: bindUsingPOST_1" }
                    
{
                    "app": "RC-Car-Java",
                    "timestamp":"2020-09-14 00:19:51.560",
                    "level": "INFO",
                    "thread": "restartedMain",
                    "class": "s.d.s.w.r.o.CachingOperationNameGenerator",
                    "message": "Generating unique operation named: getInfoUsingGET_1" }
                    
{
                    "app": "RC-Car-Java",
                    "timestamp":"2020-09-14 00:19:51.563",
                    "level": "INFO",
                    "thread": "restartedMain",
                    "class": "s.d.s.w.r.o.CachingOperationNameGenerator",
                    "message": "Generating unique operation named: getMenuUserUsingGET_1" }
                    
{
                    "app": "RC-Car-Java",
                    "timestamp":"2020-09-14 00:19:51.608",
                    "level": "INFO",
                    "thread": "restartedMain",
                    "class": "s.d.s.w.r.o.CachingOperationNameGenerator",
                    "message": "Generating unique operation named: getListUsingGET_44" }
                    
{
                    "app": "RC-Car-Java",
                    "timestamp":"2020-09-14 00:19:51.610",
                    "level": "INFO",
                    "thread": "restartedMain",
                    "class": "s.d.s.w.r.o.CachingOperationNameGenerator",
                    "message": "Generating unique operation named: receiveUsingPOST_1" }
                    
{
                    "app": "RC-Car-Java",
                    "timestamp":"2020-09-14 00:19:51.626",
                    "level": "INFO",
                    "thread": "restartedMain",
                    "class": "s.d.s.w.r.o.CachingOperationNameGenerator",
                    "message": "Generating unique operation named: getUsingGET_3" }
                    
{
                    "app": "RC-Car-Java",
                    "timestamp":"2020-09-14 00:19:51.629",
                    "level": "INFO",
                    "thread": "restartedMain",
                    "class": "s.d.s.w.r.o.CachingOperationNameGenerator",
                    "message": "Generating unique operation named: getListUsingGET_45" }
                    
{
                    "app": "RC-Car-Java",
                    "timestamp":"2020-09-14 00:19:51.638",
                    "level": "INFO",
                    "thread": "restartedMain",
                    "class": "s.d.s.w.r.o.CachingOperationNameGenerator",
                    "message": "Generating unique operation named: infoUsingGET_32" }
                    
{
                    "app": "RC-Car-Java",
                    "timestamp":"2020-09-14 00:19:51.640",
                    "level": "INFO",
                    "thread": "restartedMain",
                    "class": "s.d.s.w.r.o.CachingOperationNameGenerator",
                    "message": "Generating unique operation named: getUsingGET_4" }
                    
{
                    "app": "RC-Car-Java",
                    "timestamp":"2020-09-14 00:19:51.644",
                    "level": "INFO",
                    "thread": "restartedMain",
                    "class": "s.d.s.w.r.o.CachingOperationNameGenerator",
                    "message": "Generating unique operation named: infoUsingGET_33" }
                    
{
                    "app": "RC-Car-Java",
                    "timestamp":"2020-09-14 00:19:51.653",
                    "level": "INFO",
                    "thread": "restartedMain",
                    "class": "s.d.s.w.s.ApiListingReferenceScanner",
                    "message": "Scanning for api listing references" }
                    
{
                    "app": "RC-Car-Java",
                    "timestamp":"2020-09-14 00:19:51.663",
                    "level": "INFO",
                    "thread": "restartedMain",
                    "class": "s.d.s.w.r.o.CachingOperationNameGenerator",
                    "message": "Generating unique operation named: deleteUsingGET_27" }
                    
{
                    "app": "RC-Car-Java",
                    "timestamp":"2020-09-14 00:19:51.664",
                    "level": "INFO",
                    "thread": "restartedMain",
                    "class": "s.d.s.w.r.o.CachingOperationNameGenerator",
                    "message": "Generating unique operation named: getUsingGET_5" }
                    
{
                    "app": "RC-Car-Java",
                    "timestamp":"2020-09-14 00:19:51.682",
                    "level": "INFO",
                    "thread": "restartedMain",
                    "class": "o.s.s.concurrent.ThreadPoolTaskScheduler",
                    "message": "Initializing ExecutorService" }
                    
{
                    "app": "RC-Car-Java",
                    "timestamp":"2020-09-14 00:19:51.684",
                    "level": "INFO",
                    "thread": "RC-Car-Java-scheduled-task-pool-8",
                    "class": "AsyncSmsSend",
                    "message": "---AsyncSmsSend task------produce Data with fixed rate task: Execution Time - 20200914" }
                    
{
                    "app": "RC-Car-Java",
                    "timestamp":"2020-09-14 00:19:51.684",
                    "level": "INFO",
                    "thread": "RC-Car-Java-scheduled-task-pool-9",
                    "class": "c.rccar.RC-Car-Java.task.sms.AsyncSmsSendResult",
                    "message": "---AsyncSmsResult task------produce Data with fixed rate task: Execution Time - 20200914" }
                    
{
                    "app": "RC-Car-Java",
                    "timestamp":"2020-09-14 00:19:51.684",
                    "level": "INFO",
                    "thread": "RC-Car-Java-scheduled-task-pool-10",
                    "class": "c.z.c.t.w.AsyncWeChatProgramTempMessage",
                    "message": "---AsyncWeChatProgramTempMessage task------produce Data with fixed rate task: Execution Time - 20200914" }
                    
{
                    "app": "RC-Car-Java",
                    "timestamp":"2020-09-14 00:19:51.684",
                    "level": "INFO",
                    "thread": "RC-Car-Java-scheduled-task-pool-11",
                    "class": "c.z.c.t.w.AsyncWeChatPublicTempMessage",
                    "message": "---AsyncWeChatPublicTempMessage task------produce Data with fixed rate task: Execution Time - 20200914" }
                    
{
                    "app": "RC-Car-Java",
                    "timestamp":"2020-09-14 00:19:51.685",
                    "level": "INFO",
                    "thread": "RC-Car-Java-scheduled-task-pool-6",
                    "class": "c.rccar.RC-Car-Java.task.order.OrderTakeByUser",
                    "message": "---OrderTakeByUser task------produce Data with fixed rate task: Execution Time - Mon Sep 14 00:19:51 CST 2020" }
                    
{
                    "app": "RC-Car-Java",
                    "timestamp":"2020-09-14 00:19:51.685",
                    "level": "INFO",
                    "thread": "RC-Car-Java-scheduled-task-pool-1",
                    "class": "AsyncCloud",
                    "message": "---AsyncCloud task------produce Data with fixed rate task: Execution Time - Mon Sep 14 00:19:51 CST 2020" }
                    
{
                    "app": "RC-Car-Java",
                    "timestamp":"2020-09-14 00:19:51.685",
                    "level": "INFO",
                    "thread": "RC-Car-Java-scheduled-task-pool-3",
                    "class": "c.z.RC-Car-Java.task.order.OrderCompleteByUser",
                    "message": "---OrderCompleteByUser task------produce Data with fixed rate task: Execution Time - Mon Sep 14 00:19:51 CST 2020" }
                    
{
                    "app": "RC-Car-Java",
                    "timestamp":"2020-09-14 00:19:51.685",
                    "level": "INFO",
                    "thread": "RC-Car-Java-scheduled-task-pool-2",
                    "class": "c.z.RC-Car-Java.task.order.OrderRefundByUser",
                    "message": "---OrderRefundByUser task------produce Data with fixed rate task: Execution Time - Mon Sep 14 00:19:51 CST 2020" }
                    
{
                    "app": "RC-Car-Java",
                    "timestamp":"2020-09-14 00:19:51.685",
                    "level": "INFO",
                    "thread": "RC-Car-Java-scheduled-task-pool-4",
                    "class": "c.z.RC-Car-Java.task.order.OrderDeleteByUser",
                    "message": "---OrderDeleteByUser task------produce Data with fixed rate task: Execution Time - Mon Sep 14 00:19:51 CST 2020" }
                    
{
                    "app": "RC-Car-Java",
                    "timestamp":"2020-09-14 00:19:51.686",
                    "level": "INFO",
                    "thread": "RC-Car-Java-scheduled-task-pool-7",
                    "class": "ProductStock",
                    "message": "---OrderTakeByUser task------produce Data with fixed rate task: Execution Time - Mon Sep 14 00:19:51 CST 2020" }
                    
{
                    "app": "RC-Car-Java",
                    "timestamp":"2020-09-14 00:19:51.685",
                    "level": "INFO",
                    "thread": "RC-Car-Java-scheduled-task-pool-5",
                    "class": "c.z.RC-Car-Java.task.order.OrderRefundByUser",
                    "message": "---OrderRefundByUser task------produce Data with fixed rate task: Execution Time - Mon Sep 14 00:19:51 CST 2020" }
                    
{
                    "app": "RC-Car-Java",
                    "timestamp":"2020-09-14 00:19:51.689",
                    "level": "INFO",
                    "thread": "restartedMain",
                    "class": "o.apache.coyote.http11.Http11NioProtocol",
                    "message": "Starting ProtocolHandler ["http-nio-8080"]" }
                    
{
                    "app": "RC-Car-Java",
                    "timestamp":"2020-09-14 00:19:51.730",
                    "level": "INFO",
                    "thread": "restartedMain",
                    "class": "o.s.b.w.embedded.tomcat.TomcatWebServer",
                    "message": "Tomcat started on port(s): 8080 (http) with context path ''" }
                    
{
                    "app": "RC-Car-Java",
                    "timestamp":"2020-09-14 00:19:51.733",
                    "level": "INFO",
                    "thread": "restartedMain",
                    "class": "CrmebApplication",
                    "message": "Started CrmebApplication in 10.768 seconds (JVM running for 11.534)" }
                    
{
                    "app": "RC-Car-Java",
                    "timestamp":"2020-09-14 00:19:51.790",
                    "level": "INFO",
                    "thread": "RC-Car-Java-scheduled-task-pool-1",
                    "class": "com.alibaba.druid.pool.DruidDataSource",
                    "message": "{dataSource-1} inited" }
                    
{
                    "app": "RC-Car-Java",
                    "timestamp":"2020-09-14 00:19:51.916",
                    "level": "INFO",
                    "thread": "Druid-ConnectionPool-Create-1137692050",
                    "class": "c.a.druid.pool.DruidAbstractDataSource",
                    "message": "{dataSource-1} failContinuous is true" }
                    
{
                    "app": "RC-Car-Java",
                    "timestamp":"2020-09-14 00:19:52.109",
                    "level": "INFO",
                    "thread": "RMI TCP Connection(12)-192.168.1.25",
                    "class": "o.a.c.c.C.[Tomcat].[localhost].[/]",
                    "message": "Initializing Spring DispatcherServlet 'dispatcherServlet'" }
                    
{
                    "app": "RC-Car-Java",
                    "timestamp":"2020-09-14 00:19:52.109",
                    "level": "INFO",
                    "thread": "RMI TCP Connection(12)-192.168.1.25",
                    "class": "o.s.web.servlet.DispatcherServlet",
                    "message": "Initializing Servlet 'dispatcherServlet'" }
                    
{
                    "app": "RC-Car-Java",
                    "timestamp":"2020-09-14 00:19:52.119",
                    "level": "INFO",
                    "thread": "RMI TCP Connection(12)-192.168.1.25",
                    "class": "o.s.web.servlet.DispatcherServlet",
                    "message": "Completed initialization in 10 ms" }
                    
{
                    "app": "RC-Car-Java",
                    "timestamp":"2020-09-14 00:19:56.700",
                    "level": "INFO",
                    "thread": "RC-Car-Java-scheduled-task-pool-9",
                    "class": "AsyncSmsSend",
                    "message": "---AsyncSmsSend task------produce Data with fixed rate task: Execution Time - 20200914" }
                    
{
                    "app": "RC-Car-Java",
                    "timestamp":"2020-09-14 00:20:01.704",
                    "level": "INFO",
                    "thread": "RC-Car-Java-scheduled-task-pool-8",
                    "class": "AsyncSmsSend",
                    "message": "---AsyncSmsSend task------produce Data with fixed rate task: Execution Time - 20200914" }
                    
{
                    "app": "RC-Car-Java",
                    "timestamp":"2020-09-14 00:20:06.708",
                    "level": "INFO",
                    "thread": "RC-Car-Java-scheduled-task-pool-12",
                    "class": "AsyncSmsSend",
                    "message": "---AsyncSmsSend task------produce Data with fixed rate task: Execution Time - 20200914" }
                    
{
                    "app": "RC-Car-Java",
                    "timestamp":"2020-09-14 00:20:11.709",
                    "level": "INFO",
                    "thread": "RC-Car-Java-scheduled-task-pool-14",
                    "class": "AsyncSmsSend",
                    "message": "---AsyncSmsSend task------produce Data with fixed rate task: Execution Time - 20200914" }
                    
{
                    "app": "RC-Car-Java",
                    "timestamp":"2020-09-14 00:20:16.713",
                    "level": "INFO",
                    "thread": "RC-Car-Java-scheduled-task-pool-8",
                    "class": "AsyncSmsSend",
                    "message": "---AsyncSmsSend task------produce Data with fixed rate task: Execution Time - 20200914" }
                    
{
                    "app": "RC-Car-Java",
                    "timestamp":"2020-09-14 00:20:21.719",
                    "level": "INFO",
                    "thread": "RC-Car-Java-scheduled-task-pool-9",
                    "class": "AsyncSmsSend",
                    "message": "---AsyncSmsSend task------produce Data with fixed rate task: Execution Time - 20200914" }
                    
{
                    "app": "RC-Car-Java",
                    "timestamp":"2020-09-14 00:20:26.724",
                    "level": "INFO",
                    "thread": "RC-Car-Java-scheduled-task-pool-16",
                    "class": "AsyncSmsSend",
                    "message": "---AsyncSmsSend task------produce Data with fixed rate task: Execution Time - 20200914" }
                    
{
                    "app": "RC-Car-Java",
                    "timestamp":"2020-09-14 00:20:31.729",
                    "level": "INFO",
                    "thread": "RC-Car-Java-scheduled-task-pool-14",
                    "class": "AsyncSmsSend",
                    "message": "---AsyncSmsSend task------produce Data with fixed rate task: Execution Time - 20200914" }
                    
{
                    "app": "RC-Car-Java",
                    "timestamp":"2020-09-14 00:20:36.735",
                    "level": "INFO",
                    "thread": "RC-Car-Java-scheduled-task-pool-15",
                    "class": "AsyncSmsSend",
                    "message": "---AsyncSmsSend task------produce Data with fixed rate task: Execution Time - 20200914" }
                    
{
                    "app": "RC-Car-Java",
                    "timestamp":"2020-09-14 00:20:41.740",
                    "level": "INFO",
                    "thread": "RC-Car-Java-scheduled-task-pool-18",
                    "class": "AsyncSmsSend",
                    "message": "---AsyncSmsSend task------produce Data with fixed rate task: Execution Time - 20200914" }
                    
{
                    "app": "RC-Car-Java",
                    "timestamp":"2020-09-14 00:20:46.745",
                    "level": "INFO",
                    "thread": "RC-Car-Java-scheduled-task-pool-18",
                    "class": "AsyncSmsSend",
                    "message": "---AsyncSmsSend task------produce Data with fixed rate task: Execution Time - 20200914" }
                    
{
                    "app": "RC-Car-Java",
                    "timestamp":"2020-09-14 00:20:51.698",
                    "level": "INFO",
                    "thread": "RC-Car-Java-scheduled-task-pool-19",
                    "class": "c.rccar.RC-Car-Java.task.sms.AsyncSmsSendResult",
                    "message": "---AsyncSmsResult task------produce Data with fixed rate task: Execution Time - 20200914" }
                    
{
                    "app": "RC-Car-Java",
                    "timestamp":"2020-09-14 00:20:51.748",
                    "level": "INFO",
                    "thread": "RC-Car-Java-scheduled-task-pool-13",
                    "class": "AsyncSmsSend",
                    "message": "---AsyncSmsSend task------produce Data with fixed rate task: Execution Time - 20200914" }
                    
{
                    "app": "RC-Car-Java",
                    "timestamp":"2020-09-14 00:20:56.752",
                    "level": "INFO",
                    "thread": "RC-Car-Java-scheduled-task-pool-13",
                    "class": "AsyncSmsSend",
                    "message": "---AsyncSmsSend task------produce Data with fixed rate task: Execution Time - 20200914" }
                    
{
                    "app": "RC-Car-Java",
                    "timestamp":"2020-09-14 00:21:01.755",
                    "level": "INFO",
                    "thread": "RC-Car-Java-scheduled-task-pool-13",
                    "class": "AsyncSmsSend",
                    "message": "---AsyncSmsSend task------produce Data with fixed rate task: Execution Time - 20200914" }
                    
{
                    "app": "RC-Car-Java",
                    "timestamp":"2020-09-14 00:21:06.760",
                    "level": "INFO",
                    "thread": "RC-Car-Java-scheduled-task-pool-13",
                    "class": "AsyncSmsSend",
                    "message": "---AsyncSmsSend task------produce Data with fixed rate task: Execution Time - 20200914" }
                    
{
                    "app": "RC-Car-Java",
                    "timestamp":"2020-09-14 00:21:11.764",
                    "level": "INFO",
                    "thread": "RC-Car-Java-scheduled-task-pool-13",
                    "class": "AsyncSmsSend",
                    "message": "---AsyncSmsSend task------produce Data with fixed rate task: Execution Time - 20200914" }
                    
{
                    "app": "RC-Car-Java",
                    "timestamp":"2020-09-14 00:21:16.768",
                    "level": "INFO",
                    "thread": "RC-Car-Java-scheduled-task-pool-13",
                    "class": "AsyncSmsSend",
                    "message": "---AsyncSmsSend task------produce Data with fixed rate task: Execution Time - 20200914" }
                    
{
                    "app": "RC-Car-Java",
                    "timestamp":"2020-09-14 00:21:18.876",
                    "level": "INFO",
                    "thread": "SpringContextShutdownHook",
                    "class": "o.s.s.concurrent.ThreadPoolTaskExecutor",
                    "message": "Shutting down ExecutorService 'taskExecutor'" }
                    
{
                    "app": "RC-Car-Java",
                    "timestamp":"2020-09-14 00:21:18.886",
                    "level": "INFO",
                    "thread": "SpringContextShutdownHook",
                    "class": "com.alibaba.druid.pool.DruidDataSource",
                    "message": "{dataSource-1} closing ..." }
                    
{
                    "app": "RC-Car-Java",
                    "timestamp":"2020-09-14 00:21:18.887",
                    "level": "INFO",
                    "thread": "SpringContextShutdownHook",
                    "class": "com.alibaba.druid.pool.DruidDataSource",
                    "message": "{dataSource-1} closed" }
                    
